\BOOKMARK [1][-]{section.1}{\376\377\000G\000r\000u\000n\000d\000l\000a\000g\000e\000n}{}% 1
\BOOKMARK [1][-]{section.2}{\376\377\000L\000i\000n\000e\000a\000r\000e\000\040\000G\000l\000e\000i\000c\000h\000u\000n\000g\000s\000s\000y\000s\000t\000e\000m\000e}{}% 2
\BOOKMARK [1][-]{section.3}{\376\377\000M\000a\000t\000r\000i\000z\000e\000n}{}% 3
\BOOKMARK [2][-]{subsection.3.1}{\376\377\000A\000l\000l\000g\000e\000m\000e\000i\000n}{section.3}% 4
\BOOKMARK [2][-]{subsection.3.2}{\376\377\000R\000e\000c\000h\000e\000n\000r\000e\000g\000e\000l\000n}{section.3}% 5
\BOOKMARK [2][-]{subsection.3.3}{\376\377\000I\000n\000v\000e\000r\000t\000i\000e\000r\000b\000a\000r\000e\000\040\000M\000a\000t\000r\000i\000z\000e\000n}{section.3}% 6
\BOOKMARK [2][-]{subsection.3.4}{\376\377\000B\000i\000l\000d\000\040\000e\000i\000n\000e\000r\000\040\000M\000a\000t\000r\000i\000x}{section.3}% 7
\BOOKMARK [2][-]{subsection.3.5}{\376\377\000Z\000e\000i\000l\000e\000n\000s\000t\000u\000f\000e\000n\000f\000o\000r\000m}{section.3}% 8
\BOOKMARK [2][-]{subsection.3.6}{\376\377\000\304\000h\000n\000l\000i\000c\000h\000k\000e\000i\000t\000\040\000v\000o\000n\000\040\000M\000a\000t\000r\000i\000z\000e\000n}{section.3}% 9
\BOOKMARK [2][-]{subsection.3.7}{\376\377\000\304\000q\000u\000i\000v\000a\000l\000e\000n\000z\000\040\000v\000o\000n\000\040\000M\000a\000t\000r\000i\000z\000e\000n}{section.3}% 10
\BOOKMARK [2][-]{subsection.3.8}{\376\377\000S\000p\000u\000r\000\040\000e\000i\000n\000e\000r\000\040\000M\000a\000t\000r\000i\000x}{section.3}% 11
\BOOKMARK [1][-]{section.4}{\376\377\000A\000l\000g\000e\000b\000r\000a\000i\000s\000c\000h\000e\000\040\000S\000t\000r\000u\000k\000t\000u\000r\000e\000n}{}% 12
\BOOKMARK [2][-]{subsection.4.1}{\376\377\000G\000r\000u\000p\000p\000e\000n}{section.4}% 13
\BOOKMARK [2][-]{subsection.4.2}{\376\377\000R\000i\000n\000g\000e}{section.4}% 14
\BOOKMARK [2][-]{subsection.4.3}{\376\377\000K\000\366\000r\000p\000e\000r}{section.4}% 15
\BOOKMARK [2][-]{subsection.4.4}{\376\377\000P\000o\000l\000y\000n\000o\000m\000r\000i\000n\000g}{section.4}% 16
\BOOKMARK [1][-]{section.5}{\376\377\000V\000e\000k\000t\000o\000r\000r\000\344\000u\000m\000e\000\040\000u\000n\000d\000\040\000l\000i\000n\000e\000a\000r\000e\000\040\000A\000b\000b\000i\000l\000d\000u\000n\000g\000e\000n}{}% 17
\BOOKMARK [2][-]{subsection.5.1}{\376\377\000V\000e\000k\000t\000o\000r\000r\000\344\000u\000m\000e}{section.5}% 18
\BOOKMARK [2][-]{subsection.5.2}{\376\377\000L\000i\000n\000e\000a\000r\000e\000\040\000A\000b\000b\000i\000l\000d\000u\000n\000g\000e\000n}{section.5}% 19
\BOOKMARK [2][-]{subsection.5.3}{\376\377\000L\000i\000n\000e\000a\000r\000e\000\040\000H\000\374\000l\000l\000e\000,\000\040\000B\000a\000s\000i\000s\000,\000\040\000D\000i\000m\000e\000n\000s\000i\000o\000n\000,\000\040\000.\000.\000.}{section.5}% 20
\BOOKMARK [2][-]{subsection.5.4}{\376\377\000R\000e\000c\000h\000e\000n\000t\000e\000c\000h\000n\000i\000k\000e\000n}{section.5}% 21
\BOOKMARK [2][-]{subsection.5.5}{\376\377\000F\000a\000k\000t\000o\000r\000r\000a\000u\000m\000/\000Q\000u\000o\000t\000i\000e\000n\000t\000e\000n\000r\000a\000u\000m}{section.5}% 22
\BOOKMARK [2][-]{subsection.5.6}{\376\377\000R\000a\000n\000g\000\040\000e\000i\000n\000e\000s\000\040\000H\000o\000m\000o\000m\000o\000r\000p\000h\000i\000s\000m\000u\000s}{section.5}% 23
\BOOKMARK [2][-]{subsection.5.7}{\376\377\000L\000i\000n\000e\000a\000r\000e\000\040\000F\000o\000r\000t\000s\000e\000t\000z\000u\000n\000g}{section.5}% 24
\BOOKMARK [2][-]{subsection.5.8}{\376\377\000B\000a\000s\000i\000s\000w\000e\000c\000h\000s\000e\000l}{section.5}% 25
\BOOKMARK [2][-]{subsection.5.9}{\376\377\000A\000f\000f\000i\000n\000e\000\040\000R\000\344\000u\000m\000e}{section.5}% 26
\BOOKMARK [1][-]{section.6}{\376\377\000E\000n\000d\000o\000m\000o\000r\000p\000h\000i\000s\000m\000e\000n}{}% 27
\BOOKMARK [2][-]{subsection.6.1}{\376\377\000A\000l\000g\000e\000b\000r\000e\000n}{section.6}% 28
\BOOKMARK [2][-]{subsection.6.2}{\376\377\000D\000e\000t\000e\000r\000m\000i\000n\000a\000n\000t\000e\000\040\000v\000o\000n\000\040\000M\000a\000t\000r\000i\000z\000e\000n}{section.6}% 29
\BOOKMARK [2][-]{subsection.6.3}{\376\377\000E\000n\000d\000o\000m\000o\000r\000p\000h\000i\000s\000m\000e\000n}{section.6}% 30
\BOOKMARK [2][-]{subsection.6.4}{\376\377\000E\000i\000g\000e\000n\000w\000e\000r\000t\000e\000,\000\040\000E\000i\000g\000e\000n\000v\000e\000k\000t\000o\000r\000e\000n\000\040\000u\000n\000d\000\040\000E\000i\000g\000e\000n\000r\000\344\000u\000m\000e}{section.6}% 31
\BOOKMARK [2][-]{subsection.6.5}{\376\377\000C\000h\000a\000r\000a\000k\000t\000e\000r\000i\000s\000t\000i\000s\000c\000h\000e\000s\000\040\000P\000o\000l\000y\000n\000o\000m}{section.6}% 32
\BOOKMARK [2][-]{subsection.6.6}{\376\377\000D\000i\000a\000g\000o\000n\000a\000l\000i\000s\000i\000e\000r\000b\000a\000r\000k\000e\000i\000t}{section.6}% 33
